2023-09-26 18:43:03,121 sample ERROR エラーが発生しました [fmt2]
2023-09-26 18:46:39,263 sample ERROR エラーが発生しました [fmt2]
2023-09-26 18:48:31,080 sample DEBUG debug [fmt2]
2023-09-26 18:48:31,080 sample INFO info [fmt2]
2023-09-26 18:48:31,081 sample WARNING warning [fmt2]
2023-09-26 18:48:31,081 sample ERROR エラーが発生しました [fmt2]
2023-09-26 18:48:31,081 sample CRITICAL criticalエラーが発生しました [fmt2]
2023-09-26 18:51:21,638 sample DEBUG debug [fmt2]
2023-09-26 18:51:21,638 sample INFO info [fmt2]
2023-09-26 18:51:21,638 sample WARNING warning [fmt2]
2023-09-26 18:51:21,638 sample ERROR エラーが発生しました [fmt2]
2023-09-26 18:51:21,638 sample CRITICAL criticalエラーが発生しました [fmt2]
2023-09-26 18:53:50,636 sample DEBUG debug [fmt2]
2023-09-26 18:53:50,636 sample INFO info [fmt2]
2023-09-26 18:53:50,636 sample WARNING warning [fmt2]
2023-09-26 18:53:50,636 sample ERROR エラーが発生しました [fmt2]
2023-09-26 18:53:50,637 sample CRITICAL criticalエラーが発生しました [fmt2]
2023-09-26 18:54:54,956 sample ERROR エラーが発生しました [fmt2]
2023-09-26 18:54:54,956 sample CRITICAL criticalエラーが発生しました [fmt2]
2023-09-26 18:55:31,946 sample CRITICAL criticalエラーが発生しました [fmt2]
2023-09-26 18:56:45,097 sample ERROR エラーが発生しました [fmt32]
2023-09-26 18:56:45,097 sample CRITICAL criticalエラーが発生しました [fmt32]
2023-09-26 18:59:45,130 sample ERROR エラーが発生しました [fmt2]
2023-09-26 18:59:45,130 sample CRITICAL criticalエラーが発生しました [fmt2]
2023-09-26 19:08:49,354 sample ERROR エラーが発生しました [fmt2]
2023-09-26 19:08:49,354 sample CRITICAL criticalエラーが発生しました [fmt2]
2023-09-26 19:10:03,823 sample ERROR エラーが発生しました [fmt2]
2023-09-26 19:10:03,824 sample CRITICAL criticalエラーが発生しました [fmt2]
2023-09-26 19:10:32,607 sample DEBUG debug [fmt2]
2023-09-26 19:10:32,607 sample INFO info [fmt2]
2023-09-26 19:10:32,608 sample WARNING warning [fmt2]
2023-09-26 19:10:32,608 sample ERROR エラーが発生しました [fmt2]
2023-09-26 19:10:32,608 sample CRITICAL criticalエラーが発生しました [fmt2]
2023-09-26 19:24:27,417 sample DEBUG debug [fmt2]
2023-09-26 19:24:27,418 sample INFO info [fmt2]
2023-09-26 19:24:27,418 sample WARNING warning [fmt2]
2023-09-26 19:24:27,419 sample ERROR エラーが発生しました [fmt2]
2023-09-26 19:24:27,419 sample CRITICAL criticalエラーが発生しました [fmt2]
2023-09-26 19:26:41,450 sample DEBUG debug [fmt2]
2023-09-26 19:26:41,450 sample INFO info [fmt2]
2023-09-26 19:26:41,450 sample WARNING warning [fmt2]
2023-09-26 19:26:41,450 sample ERROR エラーが発生しました [fmt2]
2023-09-26 19:26:41,450 sample CRITICAL criticalエラーが発生しました [fmt2]
2023-09-26 19:26:41,452 sample.inv DEBUG debug [fmt2]
2023-09-26 19:28:56,882 sample DEBUG debug [fmt2]
2023-09-26 19:28:56,882 sample INFO info [fmt2]
2023-09-26 19:28:56,882 sample WARNING warning [fmt2]
2023-09-26 19:28:56,882 sample ERROR エラーが発生しました [fmt2]
2023-09-26 19:28:56,882 sample CRITICAL criticalエラーが発生しました [fmt2]
2023-09-26 19:28:56,883 sample.inv DEBUG debug [fmt2]
2023-09-26 19:29:00,101 sample DEBUG debug [fmt2]
2023-09-26 19:29:00,101 sample INFO info [fmt2]
2023-09-26 19:29:00,102 sample WARNING warning [fmt2]
2023-09-26 19:29:00,102 sample ERROR エラーが発生しました [fmt2]
2023-09-26 19:29:00,102 sample CRITICAL criticalエラーが発生しました [fmt2]
2023-09-26 19:29:00,102 sample.inv DEBUG debug [fmt2]
2023-09-26 19:30:01,801 sample DEBUG debug [fmt2]
2023-09-26 19:30:01,801 sample INFO info [fmt2]
2023-09-26 19:30:01,801 sample WARNING warning [fmt2]
2023-09-26 19:30:01,801 sample ERROR エラーが発生しました [fmt2]
2023-09-26 19:30:01,801 sample CRITICAL criticalエラーが発生しました [fmt2]
2023-09-26 19:30:01,802 sample.inv DEBUG debug [fmt2]
2023-09-26 19:31:12,523 root DEBUG debug [fmt2]
2023-09-26 19:31:12,523 root INFO info [fmt2]
2023-09-26 19:31:12,523 root WARNING warning [fmt2]
2023-09-26 19:31:12,524 root ERROR エラーが発生しました [fmt2]
2023-09-26 19:31:12,524 root CRITICAL criticalエラーが発生しました [fmt2]
2023-09-26 19:31:12,524 sample.inv DEBUG debug [fmt2]
2023-09-26 19:31:12,524 sample.inv DEBUG debug [fmt2]
2023-09-26 19:32:21,167 sample DEBUG debug [fmt2]
2023-09-26 19:32:21,167 sample DEBUG debug [fmt2]
2023-09-26 19:32:21,168 sample INFO info [fmt2]
2023-09-26 19:32:21,168 sample INFO info [fmt2]
2023-09-26 19:32:21,168 sample WARNING warning [fmt2]
2023-09-26 19:32:21,168 sample WARNING warning [fmt2]
2023-09-26 19:32:21,168 sample ERROR エラーが発生しました [fmt2]
2023-09-26 19:32:21,168 sample ERROR エラーが発生しました [fmt2]
2023-09-26 19:32:21,168 sample CRITICAL criticalエラーが発生しました [fmt2]
2023-09-26 19:32:21,168 sample CRITICAL criticalエラーが発生しました [fmt2]
2023-09-26 19:32:21,168 sample.inv DEBUG debug [fmt2]
2023-09-26 19:32:21,168 sample.inv DEBUG debug [fmt2]
2023-09-26 19:32:53,672 sample DEBUG debug [fmt2]
2023-09-26 19:32:53,672 sample INFO info [fmt2]
2023-09-26 19:32:53,672 sample WARNING warning [fmt2]
2023-09-26 19:32:53,672 sample ERROR エラーが発生しました [fmt2]
2023-09-26 19:32:53,672 sample CRITICAL criticalエラーが発生しました [fmt2]
2023-09-26 19:32:53,673 sample.inv DEBUG debug [fmt2]
2023-09-26 19:33:46,765 sample DEBUG debug [fmt2]
2023-09-26 19:33:46,765 sample INFO info [fmt2]
2023-09-26 19:33:46,765 sample WARNING warning [fmt2]
2023-09-26 19:33:46,765 sample ERROR エラーが発生しました [fmt2]
2023-09-26 19:33:46,765 sample CRITICAL criticalエラーが発生しました [fmt2]
2023-09-26 19:33:46,766 sample.inv DEBUG debug [fmt2]
2023-09-26 19:33:48,333 sample DEBUG debug [fmt2]
2023-09-26 19:33:48,333 sample INFO info [fmt2]
2023-09-26 19:33:48,333 sample WARNING warning [fmt2]
2023-09-26 19:33:48,334 sample ERROR エラーが発生しました [fmt2]
2023-09-26 19:33:48,334 sample CRITICAL criticalエラーが発生しました [fmt2]
2023-09-26 19:33:48,335 sample.inv DEBUG debug [fmt2]
2023-09-26 19:33:49,038 sample DEBUG debug [fmt2]
2023-09-26 19:33:49,039 sample INFO info [fmt2]
2023-09-26 19:33:49,039 sample WARNING warning [fmt2]
2023-09-26 19:33:49,039 sample ERROR エラーが発生しました [fmt2]
2023-09-26 19:33:49,039 sample CRITICAL criticalエラーが発生しました [fmt2]
2023-09-26 19:33:49,040 sample.inv DEBUG debug [fmt2]
2023-09-26 19:33:49,606 sample DEBUG debug [fmt2]
2023-09-26 19:33:49,606 sample INFO info [fmt2]
2023-09-26 19:33:49,606 sample WARNING warning [fmt2]
2023-09-26 19:33:49,606 sample ERROR エラーが発生しました [fmt2]
2023-09-26 19:33:49,607 sample CRITICAL criticalエラーが発生しました [fmt2]
2023-09-26 19:33:49,607 sample.inv DEBUG debug [fmt2]
2023-09-26 19:34:05,672 sample DEBUG debug [fmt2]
2023-09-26 19:34:05,672 sample INFO info [fmt2]
2023-09-26 19:34:05,672 sample WARNING warning [fmt2]
2023-09-26 19:34:05,673 sample ERROR エラーが発生しました [fmt2]
2023-09-26 19:34:05,673 sample CRITICAL criticalエラーが発生しました [fmt2]
2023-09-26 19:34:05,673 sample.inv DEBUG debug [fmt2]
2023-09-26 19:41:17,259 sample DEBUG debug [fmt2]
2023-09-26 19:41:17,259 sample INFO info [fmt2]
2023-09-26 19:41:17,259 sample WARNING warning [fmt2]
2023-09-26 19:41:17,260 sample ERROR エラーが発生しました [fmt2]
2023-09-26 19:41:17,260 sample CRITICAL criticalエラーが発生しました [fmt2]
2023-09-26 19:41:17,262 sample.mylib.inv DEBUG debug [fmt2]
2023-09-26 19:41:50,134 sample DEBUG debug [fmt2]
2023-09-26 19:41:50,134 sample INFO info [fmt2]
2023-09-26 19:41:50,134 sample WARNING warning [fmt2]
2023-09-26 19:41:50,134 sample ERROR エラーが発生しました [fmt2]
2023-09-26 19:41:50,134 sample CRITICAL criticalエラーが発生しました [fmt2]
2023-09-26 19:42:14,262 sample DEBUG debug [fmt2]
2023-09-26 19:42:14,263 sample INFO info [fmt2]
2023-09-26 19:42:14,264 sample WARNING warning [fmt2]
2023-09-26 19:42:14,264 sample ERROR エラーが発生しました [fmt2]
2023-09-26 19:42:14,265 sample CRITICAL criticalエラーが発生しました [fmt2]
2023-09-26 19:42:35,563 sample DEBUG debug [fmt2]
2023-09-26 19:42:35,563 sample DEBUG debug [fmt2]
2023-09-26 19:42:35,563 sample INFO info [fmt2]
2023-09-26 19:42:35,563 sample INFO info [fmt2]
2023-09-26 19:42:35,563 sample WARNING warning [fmt2]
2023-09-26 19:42:35,563 sample WARNING warning [fmt2]
2023-09-26 19:42:35,563 sample ERROR エラーが発生しました [fmt2]
2023-09-26 19:42:35,563 sample ERROR エラーが発生しました [fmt2]
2023-09-26 19:42:35,563 sample CRITICAL criticalエラーが発生しました [fmt2]
2023-09-26 19:42:35,563 sample CRITICAL criticalエラーが発生しました [fmt2]
2023-09-26 19:42:35,563 mylib.inv DEBUG debug [fmt2]
