2023-09-24 18:03:41,766 - __main__.src/mylib/cryptparam.py - INFO - CryptParam が呼び出されました
2023-09-24 18:03:41,766 - __main__.src/mylib/cryptparam.py - INFO - param1_0 : [1, 0, 1, 0, 1, 0, 1, 0]
2023-09-24 18:03:41,767 - __main__.src/mylib/cryptparam.py - INFO - param1_1 : [0, 1, 0, 1, 0, 1, 0, 1]
2023-09-24 18:03:41,767 - __main__.src/mylib/cryptparam.py - INFO - param1_2 : [1, 0, 1, 0, 1, 0, 1, 0]
2023-09-24 18:03:41,767 - __main__.src/mylib/cryptparam.py - INFO - param1_3 : [0, 1, 0, 1, 0, 1, 0, 1]
2023-09-24 18:03:41,767 - __main__.src/mylib/cryptparam.py - INFO - param1_4 : [1, 0, 1, 0, 1, 0, 1, 0]
2023-09-24 18:03:41,767 - __main__.src/mylib/cryptparam.py - INFO - param1_5 : [0, 1, 0, 1, 0, 1, 0, 1]
2023-09-24 18:03:41,767 - __main__.src/mylib/cryptparam.py - INFO - param1_6 : [1, 0, 1, 0, 1, 0, 1, 0]
2023-09-24 18:03:41,767 - __main__.src/mylib/cryptparam.py - INFO - param1_7 : [0, 1, 0, 1, 0, 1, 0, 1]
2023-09-24 18:04:16,702 - __main__.src/mylib/cryptparam.py - INFO - CryptParam が呼び出されました
2023-09-24 18:04:16,702 - __main__.src/mylib/cryptparam.py - INFO - param1_0 : [1, 0, 1, 0, 1, 0, 1, 0]
2023-09-24 18:04:16,703 - __main__.src/mylib/cryptparam.py - INFO - param1_1 : [0, 1, 0, 1, 0, 1, 0, 1]
2023-09-24 18:04:16,703 - __main__.src/mylib/cryptparam.py - INFO - param1_2 : [1, 0, 1, 0, 1, 0, 1, 0]
2023-09-24 18:04:16,703 - __main__.src/mylib/cryptparam.py - INFO - param1_3 : [0, 1, 0, 1, 0, 1, 0, 1]
2023-09-24 18:04:16,703 - __main__.src/mylib/cryptparam.py - INFO - param1_4 : [1, 0, 1, 0, 1, 0, 1, 0]
2023-09-24 18:04:16,703 - __main__.src/mylib/cryptparam.py - INFO - param1_5 : [0, 1, 0, 1, 0, 1, 0, 1]
2023-09-24 18:04:16,703 - __main__.src/mylib/cryptparam.py - INFO - param1_6 : [1, 0, 1, 0, 1, 0, 1, 0]
2023-09-24 18:04:16,703 - __main__.src/mylib/cryptparam.py - INFO - param1_7 : [0, 1, 0, 1, 0, 1, 0, 1]
2023-09-24 18:04:16,703 - __main__.src/mylib/cryptparam.py - INFO - param2.A : ['01', '02', '03', '04', '05', '06', '07', '08']
2023-09-24 18:04:16,703 - __main__.src/mylib/cryptparam.py - INFO - param2.B : 01
2023-09-24 18:04:16,703 - __main__.src/mylib/cryptparam.py - INFO - param3   : ['01', '02', '03', '04', '05', '06']
2023-09-24 18:07:09,027 - __main__.src/mylib/cryptparam.py - INFO - start Class CryptParam 
2023-09-24 18:07:09,028 - __main__.src/mylib/cryptparam.py - INFO - param1_0 : [1, 0, 1, 0, 1, 0, 1, 0]
2023-09-24 18:07:09,028 - __main__.src/mylib/cryptparam.py - INFO - param1_1 : [0, 1, 0, 1, 0, 1, 0, 1]
2023-09-24 18:07:09,028 - __main__.src/mylib/cryptparam.py - INFO - param1_2 : [1, 0, 1, 0, 1, 0, 1, 0]
2023-09-24 18:07:09,028 - __main__.src/mylib/cryptparam.py - INFO - param1_3 : [0, 1, 0, 1, 0, 1, 0, 1]
2023-09-24 18:07:09,028 - __main__.src/mylib/cryptparam.py - INFO - param1_4 : [1, 0, 1, 0, 1, 0, 1, 0]
2023-09-24 18:07:09,028 - __main__.src/mylib/cryptparam.py - INFO - param1_5 : [0, 1, 0, 1, 0, 1, 0, 1]
2023-09-24 18:07:09,028 - __main__.src/mylib/cryptparam.py - INFO - param1_6 : [1, 0, 1, 0, 1, 0, 1, 0]
2023-09-24 18:07:09,028 - __main__.src/mylib/cryptparam.py - INFO - param1_7 : [0, 1, 0, 1, 0, 1, 0, 1]
2023-09-24 18:07:09,028 - __main__.src/mylib/cryptparam.py - INFO - param2.A : ['01', '02', '03', '04', '05', '06', '07', '08']
2023-09-24 18:07:09,029 - __main__.src/mylib/cryptparam.py - INFO - param2.B : 01
2023-09-24 18:07:09,029 - __main__.src/mylib/cryptparam.py - INFO - param3   : ['01', '02', '03', '04', '05', '06']
2023-09-24 18:07:09,029 - __main__.src/mylib/cryptparam.py - INFO - end Class CryptParam
